<?xml version="1.0" encoding="UTF-8"?>
<testsuite xmlns:xsi="http://www.w3.org/2001/XMLSchema-instance" xsi:noNamespaceSchemaLocation="https://maven.apache.org/surefire/maven-surefire-plugin/xsd/surefire-test-report-3.0.xsd" version="3.0" name="es.proyecto.app.Controller.CategoriesControllerTest" time="0.556" tests="7" errors="0" skipped="0" failures="0">
  <properties>
[...]
</properties>
  <testcase name="deleteCategoryNotFound" classname="es.proyecto.app.Controller.CategoriesControllerTest" time="0.168">
    <system-out><![CDATA[2025-06-11 20:41:38,823 ERROR  ontroller.CategoriesController: Category with id 999 not found
]]></system-out>
  </testcase>
  <testcase name="updateCategoryWithValidDataThenReturnOK" classname="es.proyecto.app.Controller.CategoriesControllerTest" time="0.041">
    <system-out><![CDATA[2025-06-11 20:41:38,871 INFO   ontroller.CategoriesController: Category with id 1 updated successfully
]]></system-out>
  </testcase>
  <testcase name="deleteCategoryWithValidId" classname="es.proyecto.app.Controller.CategoriesControllerTest" time="0.012">
    <system-out><![CDATA[2025-06-11 20:41:38,906 INFO   ontroller.CategoriesController: Category with id 1 deleted successfully
]]></system-out>
  </testcase>
  <testcase name="createCategoryWithNullNameAndThenReturnsBadRequest" classname="es.proyecto.app.Controller.CategoriesControllerTest" time="0.027">
    <system-out><![CDATA[2025-06-11 20:41:38,940 ERROR  ontroller.CategoriesController: Invalid category name
]]></system-out>
  </testcase>
  <testcase name="createCategoryWithEmptyNameAndThenReturnsBadRequest" classname="es.proyecto.app.Controller.CategoriesControllerTest" time="0.013">
    <system-out><![CDATA[2025-06-11 20:41:38,962 ERROR  ontroller.CategoriesController: Invalid category name
]]></system-out>
  </testcase>
  <testcase name="updateCategoryButCategoryNotFound" classname="es.proyecto.app.Controller.CategoriesControllerTest" time="0.029">
    <system-out><![CDATA[2025-06-11 20:41:38,998 ERROR  ontroller.CategoriesController: No category found with ID 999
2025-06-11 20:41:38,999 ERROR  ontroller.CategoriesController: Error updating category with id 999. Exception message: No category found with the specified ID
]]></system-out>
  </testcase>
  <testcase name="createCategoryWithValidDataAndThenReturnsCreated" classname="es.proyecto.app.Controller.CategoriesControllerTest" time="0.01">
    <system-out><![CDATA[2025-06-11 20:41:39,014 INFO   ontroller.CategoriesController: Category created successfully: 1
]]></system-out>
  </testcase>
</testsuite>