<?xml version="1.0" encoding="UTF-8"?>
<testsuite xmlns:xsi="http://www.w3.org/2001/XMLSchema-instance" xsi:noNamespaceSchemaLocation="https://maven.apache.org/surefire/maven-surefire-plugin/xsd/surefire-test-report-3.0.xsd" version="3.0" name="es.proyecto.app.AppApplicationTests" time="10.72" tests="1" errors="0" skipped="0" failures="0">
  <properties>
[...]
</properties>
  <testcase name="contextLoads" classname="es.proyecto.app.AppApplicationTests" time="0.636">
    <system-out><![CDATA[21:39:39,857 |-INFO in ch.qos.logback.classic.LoggerContext[default] - This is logback-classic version 1.5.11
21:39:39,860 |-INFO in ch.qos.logback.classic.util.ContextInitializer@5a2d131d - Here is a list of configurators discovered as a service, by rank: 
21:39:39,860 |-INFO in ch.qos.logback.classic.util.ContextInitializer@5a2d131d -   org.springframework.boot.logging.logback.RootLogLevelConfigurator
21:39:39,860 |-INFO in ch.qos.logback.classic.util.ContextInitializer@5a2d131d - They will be invoked in order until ExecutionStatus.DO_NOT_INVOKE_NEXT_IF_ANY is returned.
21:39:39,860 |-INFO in ch.qos.logback.classic.util.ContextInitializer@5a2d131d - Constructed configurator of type class org.springframework.boot.logging.logback.RootLogLevelConfigurator
21:39:39,870 |-INFO in ch.qos.logback.classic.util.ContextInitializer@5a2d131d - org.springframework.boot.logging.logback.RootLogLevelConfigurator.configure() call lasted 1 milliseconds. ExecutionStatus=INVOKE_NEXT_IF_ANY
21:39:39,870 |-INFO in ch.qos.logback.classic.util.ContextInitializer@5a2d131d - Trying to configure with ch.qos.logback.classic.joran.SerializedModelConfigurator
21:39:39,871 |-INFO in ch.qos.logback.classic.util.ContextInitializer@5a2d131d - Constructed configurator of type class ch.qos.logback.classic.joran.SerializedModelConfigurator
21:39:39,873 |-INFO in ch.qos.logback.classic.LoggerContext[default] - Could NOT find resource [logback-test.scmo]
21:39:39,873 |-INFO in ch.qos.logback.classic.LoggerContext[default] - Could NOT find resource [logback.scmo]
21:39:39,873 |-INFO in ch.qos.logback.classic.util.ContextInitializer@5a2d131d - ch.qos.logback.classic.joran.SerializedModelConfigurator.configure() call lasted 2 milliseconds. ExecutionStatus=INVOKE_NEXT_IF_ANY
21:39:39,873 |-INFO in ch.qos.logback.classic.util.ContextInitializer@5a2d131d - Trying to configure with ch.qos.logback.classic.util.DefaultJoranConfigurator
21:39:39,875 |-INFO in ch.qos.logback.classic.util.ContextInitializer@5a2d131d - Constructed configurator of type class ch.qos.logback.classic.util.DefaultJoranConfigurator
21:39:39,875 |-INFO in ch.qos.logback.classic.LoggerContext[default] - Could NOT find resource [logback-test.xml]
21:39:39,877 |-INFO in ch.qos.logback.classic.LoggerContext[default] - Found resource [logback.xml] at [file:/C:/Users/Spekt/Desktop/DAW/proyecto/app/target/classes/logback.xml]
21:39:40,075 |-INFO in ch.qos.logback.core.model.processor.AppenderModelHandler - Processing appender named [Console]
21:39:40,076 |-INFO in ch.qos.logback.core.model.processor.AppenderModelHandler - About to instantiate appender of type [ch.qos.logback.core.ConsoleAppender]
21:39:40,129 |-WARN in ch.qos.logback.core.ConsoleAppender[Console] - This appender no longer admits a layout as a sub-component, set an encoder instead.
21:39:40,129 |-WARN in ch.qos.logback.core.ConsoleAppender[Console] - To ensure compatibility, wrapping your layout in LayoutWrappingEncoder.
21:39:40,129 |-WARN in ch.qos.logback.core.ConsoleAppender[Console] - See also http://logback.qos.ch/codes.html#layoutInsteadOfEncoder for details
21:39:40,130 |-INFO in ch.qos.logback.core.model.processor.AppenderModelHandler - Processing appender named [File]
21:39:40,130 |-INFO in ch.qos.logback.core.model.processor.AppenderModelHandler - About to instantiate appender of type [ch.qos.logback.core.rolling.RollingFileAppender]
21:39:40,156 |-INFO in c.q.l.core.rolling.SizeAndTimeBasedRollingPolicy@22004208 - Archive files will be limited to [10 MB] each.
21:39:40,162 |-INFO in c.q.l.core.rolling.SizeAndTimeBasedRollingPolicy@22004208 - No compression will be used
21:39:40,163 |-INFO in c.q.l.core.rolling.SizeAndTimeBasedRollingPolicy@22004208 - Will use the pattern logs/archived/app-%d{yyyy-MM-dd}-%i-logback.log for the active file
21:39:40,167 |-INFO in ch.qos.logback.core.rolling.SizeAndTimeBasedFileNamingAndTriggeringPolicy@4ae9cfc1 - The date pattern is 'yyyy-MM-dd' from file name pattern 'logs/archived/app-%d{yyyy-MM-dd}-%i-logback.log'.
21:39:40,167 |-INFO in ch.qos.logback.core.rolling.SizeAndTimeBasedFileNamingAndTriggeringPolicy@4ae9cfc1 - Roll-over at midnight.
21:39:40,169 |-INFO in ch.qos.logback.core.rolling.SizeAndTimeBasedFileNamingAndTriggeringPolicy@4ae9cfc1 - Setting initial period to 2025-06-11T19:06:24.268Z
21:39:40,183 |-INFO in ch.qos.logback.core.rolling.RollingFileAppender[File] - Active log file name: logs/app-logback.log
21:39:40,183 |-INFO in ch.qos.logback.core.rolling.RollingFileAppender[File] - File property is set to [logs/app-logback.log]
21:39:40,187 |-INFO in ch.qos.logback.classic.model.processor.LoggerModelHandler - Setting level of logger [org.springframework] to WARN
21:39:40,187 |-INFO in ch.qos.logback.classic.model.processor.LoggerModelHandler - Setting level of logger [org.hibernate] to WARN
21:39:40,187 |-INFO in ch.qos.logback.classic.model.processor.LoggerModelHandler - Setting level of logger [org.apache] to WARN
21:39:40,187 |-INFO in ch.qos.logback.classic.model.processor.LoggerModelHandler - Setting level of logger [es.proyecto.app] to INFO
21:39:40,192 |-INFO in ch.qos.logback.classic.model.processor.LoggerModelHandler - Setting additivity of logger [es.proyecto.app] to false
21:39:40,193 |-INFO in ch.qos.logback.core.model.processor.AppenderRefModelHandler - Attaching appender named [File] to Logger[es.proyecto.app]
21:39:40,194 |-INFO in ch.qos.logback.core.model.processor.AppenderRefModelHandler - Attaching appender named [Console] to Logger[es.proyecto.app]
21:39:40,194 |-INFO in ch.qos.logback.classic.model.processor.RootLoggerModelHandler - Setting level of ROOT logger to WARN
21:39:40,194 |-INFO in ch.qos.logback.core.model.processor.AppenderRefModelHandler - Attaching appender named [File] to Logger[ROOT]
21:39:40,194 |-INFO in ch.qos.logback.core.model.processor.AppenderRefModelHandler - Attaching appender named [Console] to Logger[ROOT]
21:39:40,194 |-INFO in ch.qos.logback.core.model.processor.DefaultProcessor@512baff6 - End of configuration.
21:39:40,195 |-INFO in ch.qos.logback.classic.joran.JoranConfigurator@632ceb35 - Registering current configuration as safe fallback point
21:39:40,196 |-INFO in ch.qos.logback.classic.util.ContextInitializer@5a2d131d - ch.qos.logback.classic.util.DefaultJoranConfigurator.configure() call lasted 321 milliseconds. ExecutionStatus=DO_NOT_INVOKE_NEXT_IF_ANY

21:39:41,193 |-INFO in ch.qos.logback.core.model.processor.AppenderModelHandler - Processing appender named [Console]
21:39:41,193 |-INFO in ch.qos.logback.core.model.processor.AppenderModelHandler - About to instantiate appender of type [ch.qos.logback.core.ConsoleAppender]
21:39:41,194 |-WARN in ch.qos.logback.core.ConsoleAppender[Console] - This appender no longer admits a layout as a sub-component, set an encoder instead.
21:39:41,194 |-WARN in ch.qos.logback.core.ConsoleAppender[Console] - To ensure compatibility, wrapping your layout in LayoutWrappingEncoder.
21:39:41,194 |-WARN in ch.qos.logback.core.ConsoleAppender[Console] - See also http://logback.qos.ch/codes.html#layoutInsteadOfEncoder for details
21:39:41,194 |-INFO in ch.qos.logback.core.model.processor.AppenderModelHandler - Processing appender named [File]
21:39:41,194 |-INFO in ch.qos.logback.core.model.processor.AppenderModelHandler - About to instantiate appender of type [ch.qos.logback.core.rolling.RollingFileAppender]
21:39:41,195 |-INFO in c.q.l.core.rolling.SizeAndTimeBasedRollingPolicy@540206885 - Archive files will be limited to [10 MB] each.
21:39:41,195 |-INFO in c.q.l.core.rolling.SizeAndTimeBasedRollingPolicy@540206885 - No compression will be used
21:39:41,195 |-INFO in c.q.l.core.rolling.SizeAndTimeBasedRollingPolicy@540206885 - Will use the pattern logs/archived/app-%d{yyyy-MM-dd}-%i-logback.log for the active file
21:39:41,195 |-INFO in ch.qos.logback.core.rolling.SizeAndTimeBasedFileNamingAndTriggeringPolicy@4d23015c - The date pattern is 'yyyy-MM-dd' from file name pattern 'logs/archived/app-%d{yyyy-MM-dd}-%i-logback.log'.
21:39:41,195 |-INFO in ch.qos.logback.core.rolling.SizeAndTimeBasedFileNamingAndTriggeringPolicy@4d23015c - Roll-over at midnight.
21:39:41,196 |-INFO in ch.qos.logback.core.rolling.SizeAndTimeBasedFileNamingAndTriggeringPolicy@4d23015c - Setting initial period to 2025-06-11T19:06:24.268Z
21:39:41,197 |-INFO in ch.qos.logback.core.rolling.RollingFileAppender[File] - Active log file name: logs/app-logback.log
21:39:41,197 |-INFO in ch.qos.logback.core.rolling.RollingFileAppender[File] - File property is set to [logs/app-logback.log]
21:39:41,197 |-INFO in ch.qos.logback.classic.model.processor.LoggerModelHandler - Setting level of logger [org.springframework] to WARN
21:39:41,197 |-INFO in ch.qos.logback.classic.jul.LevelChangePropagator@383f1975 - Propagating WARN level on Logger[org.springframework] onto the JUL framework
21:39:41,198 |-INFO in ch.qos.logback.classic.model.processor.LoggerModelHandler - Setting level of logger [org.hibernate] to WARN
21:39:41,198 |-INFO in ch.qos.logback.classic.jul.LevelChangePropagator@383f1975 - Propagating WARN level on Logger[org.hibernate] onto the JUL framework
21:39:41,198 |-INFO in ch.qos.logback.classic.model.processor.LoggerModelHandler - Setting level of logger [org.apache] to WARN
21:39:41,198 |-INFO in ch.qos.logback.classic.jul.LevelChangePropagator@383f1975 - Propagating WARN level on Logger[org.apache] onto the JUL framework
21:39:41,198 |-INFO in ch.qos.logback.classic.model.processor.LoggerModelHandler - Setting level of logger [es.proyecto.app] to INFO
21:39:41,198 |-INFO in ch.qos.logback.classic.jul.LevelChangePropagator@383f1975 - Propagating INFO level on Logger[es.proyecto.app] onto the JUL framework
21:39:41,198 |-INFO in ch.qos.logback.classic.model.processor.LoggerModelHandler - Setting additivity of logger [es.proyecto.app] to false
21:39:41,198 |-INFO in ch.qos.logback.core.model.processor.AppenderRefModelHandler - Attaching appender named [File] to Logger[es.proyecto.app]
21:39:41,198 |-INFO in ch.qos.logback.core.model.processor.AppenderRefModelHandler - Attaching appender named [Console] to Logger[es.proyecto.app]
21:39:41,198 |-INFO in ch.qos.logback.classic.model.processor.RootLoggerModelHandler - Setting level of ROOT logger to WARN
21:39:41,198 |-INFO in ch.qos.logback.classic.jul.LevelChangePropagator@383f1975 - Propagating WARN level on Logger[ROOT] onto the JUL framework
21:39:41,198 |-INFO in ch.qos.logback.core.model.processor.AppenderRefModelHandler - Attaching appender named [File] to Logger[ROOT]
21:39:41,198 |-INFO in ch.qos.logback.core.model.processor.AppenderRefModelHandler - Attaching appender named [Console] to Logger[ROOT]
21:39:41,198 |-INFO in ch.qos.logback.core.model.processor.DefaultProcessor@441cc260 - End of configuration.
21:39:41,198 |-INFO in org.springframework.boot.logging.logback.SpringBootJoranConfigurator@73a00e09 - Registering current configuration as safe fallback point

,------.    ,---. ,--.   ,--.              ,--. ,-----.,------.           ,--.       ,--.                             ,---. ,----.
|  .-.  \  /  O  \|  |   |  | ,-----.      |  |'  .--./|  .--. ' ,---.  ,-|  |,--.--.`--' ,---.,--.,--. ,---. ,-----.| o   \'.-.  |
|  |  \  :|  .-.  |  |.'.|  | '-----' ,--. |  ||  |    |  '--'.'| .-. |' .-. ||  .--',--.| .-. |  ||  || .-. :`-.  / `..'  |  .' <
|  '--'  /|  | |  |   ,'.   |         |  '-'  /'  '--'\|  |\  \ ' '-' '\ `-' ||  |   |  |' '-' '  ''  '\   --. /  `-. .'  / /'-'  |
`-------' `--' `--'--'   '--'          `-----'  `-----'`--' '--' `---'  `---' `--'   `--'.`-  / `----'  `----'`-----' `--'  `----'
                                                                                         `---'
2025-06-11 21:39:41,274 INFO   amework.boot.StartupInfoLogger: Starting AppApplicationTests using Java 17.0.14 with PID 9672 (started by Spekt in C:\Users\Spekt\Desktop\DAW\proyecto\app)
2025-06-11 21:39:41,279 INFO   amework.boot.SpringApplication: No active profile set, falling back to 1 default profile: "default"
2025-06-11 21:39:48,614 WARN   figuration$JpaWebConfiguration: spring.jpa.open-in-view is enabled by default. Therefore, database queries may be performed during view rendering. Explicitly configure spring.jpa.open-in-view to disable this warning
2025-06-11 21:39:48,650 WARN   etailsServiceAutoConfiguration: 

Using generated security password: aeb9381d-f2fa-434f-b9e8-7cd8d0dc0cec

This generated password is for development use only. Your security configuration must be updated before running your application in production.

2025-06-11 21:39:49,818 INFO   amework.boot.StartupInfoLogger: Started AppApplicationTests in 8.919 seconds (process running for 10.946)
]]></system-out>
  </testcase>
</testsuite>